Log file open, 11/13/17 10:17:09
LogWindows: Failed to load 'aqProf.dll' (GetLastError=126)
LogWindows: File 'aqProf.dll' does not exist
LogWindows: Failed to load 'VtuneApi.dll' (GetLastError=126)
LogWindows: File 'VtuneApi.dll' does not exist
LogWindows: Failed to load 'VtuneApi32e.dll' (GetLastError=126)
LogWindows: File 'VtuneApi32e.dll' does not exist
LogInit: Display: Running engine for game: Speed
LogPlatformFile: Not using cached read wrapper
LogInit: Display: RandInit(-512400004) SRandInit(-512400004).
LogInit: Using version manifest at CL 0 with build ID '61a269ed-316b-4076-91a7-0e169dbd398d'
LogTaskGraph: Started task graph with 5 named threads and 20 total threads with 3 sets of task threads.
LogStats: Stats thread started at 0.240963
LogD3D11RHI: Aftermath initialized
LogPluginManager: Mounting plugin Paper2D
LogPluginManager: Mounting plugin LightPropagationVolume
LogPluginManager: Mounting plugin CodeLiteSourceCodeAccess
LogPluginManager: Mounting plugin GitSourceControl
LogPluginManager: Mounting plugin KDevelopSourceCodeAccess
LogPluginManager: Mounting plugin NullSourceCodeAccess
LogPluginManager: Mounting plugin PerforceSourceControl
LogPluginManager: Mounting plugin SubversionSourceControl
LogPluginManager: Mounting plugin UObjectPlugin
LogPluginManager: Mounting plugin VisualStudioSourceCodeAccess
LogPluginManager: Mounting plugin XCodeSourceCodeAccess
LogPluginManager: Mounting plugin AssetManagerEditor
LogPluginManager: Mounting plugin AudioCapture
LogPluginManager: Mounting plugin FacialAnimation
LogPluginManager: Mounting plugin GameplayTagsEditor
LogPluginManager: Mounting plugin MobileLauncherProfileWizard
LogPluginManager: Mounting plugin PluginBrowser
LogPluginManager: Mounting plugin SpeedTreeImporter
LogPluginManager: Mounting plugin AlembicImporter
LogPluginManager: Mounting plugin CharacterAI
LogPluginManager: Mounting plugin HTML5Networking
LogPluginManager: Mounting plugin AndroidMedia
LogPluginManager: Mounting plugin AvfMedia
LogPluginManager: Mounting plugin MediaPlayerEditor
LogPluginManager: Mounting plugin WmfMedia
LogPluginManager: Mounting plugin TcpMessaging
LogPluginManager: Mounting plugin UdpMessaging
LogPluginManager: Mounting plugin LevelSequenceEditor
LogPluginManager: Mounting plugin MatineeToLevelSequence
LogPluginManager: Mounting plugin OnlineSubsystemGooglePlay
LogPluginManager: Mounting plugin OnlineSubsystemIOS
LogPluginManager: Mounting plugin OnlineSubsystem
LogPluginManager: Mounting plugin OnlineSubsystemNull
LogPluginManager: Mounting plugin OnlineSubsystemUtils
LogPluginManager: Mounting plugin AndroidDeviceProfileSelector
LogPluginManager: Mounting plugin AndroidMoviePlayer
LogPluginManager: Mounting plugin AndroidPermission
LogPluginManager: Mounting plugin AppleMoviePlayer
LogPluginManager: Mounting plugin ArchVisCharacter
LogPluginManager: Mounting plugin CableComponent
LogPluginManager: Mounting plugin CustomMeshComponent
LogPluginManager: Mounting plugin ExampleDeviceProfileSelector
LogPluginManager: Mounting plugin GoogleCloudMessaging
LogPluginManager: Mounting plugin ImmediatePhysics
LogPluginManager: Mounting plugin IOSDeviceProfileSelector
LogPluginManager: Mounting plugin LinuxDeviceProfileSelector
LogPluginManager: Mounting plugin LocationServicesBPLibrary
LogPluginManager: Mounting plugin MobilePatchingUtils
LogPluginManager: Mounting plugin OculusVR
LogPluginManager: Mounting plugin PhysXVehicles
LogPluginManager: Mounting plugin ProceduralMeshComponent
LogPluginManager: Mounting plugin RuntimePhysXCooking
LogPluginManager: Mounting plugin SteamVR
LogPluginManager: Mounting plugin WindowsMoviePlayer
LogInit: Using libcurl 7.47.1
LogInit:  - built for x86_64-pc-win32
LogInit:  - supports SSL with OpenSSL/1.0.2g
LogInit:  - supports HTTP deflate (compression) using libz 1.2.8
LogInit:  - other features:
LogInit:      CURL_VERSION_SSL
LogInit:      CURL_VERSION_LIBZ
LogInit:      CURL_VERSION_IPV6
LogInit:      CURL_VERSION_ASYNCHDNS
LogInit:      CURL_VERSION_LARGEFILE
LogInit:      CURL_VERSION_IDN
LogInit:  CurlRequestOptions (configurable via config and command line):
LogInit:  - bVerifyPeer = false  - Libcurl will NOT verify peer certificate
LogInit:  - bUseHttpProxy = false  - Libcurl will NOT use HTTP proxy
LogInit:  - bDontReuseConnections = false  - Libcurl will reuse connections
LogInit:  - CertBundlePath = nullptr  - Libcurl will use whatever was configured at build time.
LogInit: Build: ++UE4+Release-4.17-CL-0
LogInit: Engine Version: 4.17.2-0+++UE4+Release-4.17
LogInit: Compatible Engine Version: 4.17.0-0+++UE4+Release-4.17
LogInit: Net CL: 0
LogDevObjectVersion: Number of dev versions registered: 16
LogDevObjectVersion:   Dev-Blueprints (B0D832E4-1F89-4F0D-ACCF-7EB736FD4AA2): 10
LogDevObjectVersion:   Dev-Build (E1C64328-A22C-4D53-A36C-8E866417BD8C): 0
LogDevObjectVersion:   Dev-Core (375EC13C-06E4-48FB-B500-84F0262A717E): 2
LogDevObjectVersion:   Dev-Editor (E4B068ED-F494-42E9-A231-DA0B2E46BB41): 20
LogDevObjectVersion:   Dev-Framework (CFFC743F-43B0-4480-9391-14DF171D2073): 28
LogDevObjectVersion:   Dev-Mobile (B02B49B5-BB20-44E9-A304-32B752E40360): 0
LogDevObjectVersion:   Dev-Networking (A4E4105C-59A1-49B5-A7C5-40C4547EDFEE): 0
LogDevObjectVersion:   Dev-Online (39C831C9-5AE6-47DC-9A44-9C173E1C8E7C): 0
LogDevObjectVersion:   Dev-Physics (78F01B33-EBEA-4F98-B9B4-84EACCB95AA2): 0
LogDevObjectVersion:   Dev-Platform (6631380F-2D4D-43E0-8009-CF276956A95A): 0
LogDevObjectVersion:   Dev-Rendering (12F88B9F-8875-4AFC-A67C-D90C383ABD29): 19
LogDevObjectVersion:   Dev-Sequencer (7B5AE74C-D270-4C10-A958-57980B212A5A): 4
LogDevObjectVersion:   Dev-VR (D7296918-1DD6-4BDD-9DE2-64A83CC13884): 0
LogDevObjectVersion:   Dev-LoadTimes (C2A15278-BFE7-4AFE-6C17-90FF531DF755): 1
LogDevObjectVersion:   Private-Geometry (6EACA3D4-40EC-4CC1-B786-8BED09428FC5): 1
LogDevObjectVersion:   Dev-AnimPhys (29E575DD-E0A3-4627-9D10-D276232CDCEA): 7
LogInit: Compiled (64-bit): Sep 27 2017 16:27:35
LogInit: Compiled with Visual C++: 19.11.25508.02
LogInit: Build Configuration: Development
LogInit: Branch Name: ++UE4+Release-4.17
LogInit: Command line: 
LogInit: Base directory: C:/Users/elvev/Desktop/ue4/UnrealEngine-release/Engine/Binaries/Win64/
LogInit: Installed Engine Build: 0
LogInit: Presizing for max 8388607 objects, including 0 objects not considered by GC, pre-allocating 0 bytes for permanent pool.
LogInit: Object subsystem initialized
[2017.11.12-23.17.10:543][  0]LogInit: Selected Device Profile: [Windows]
[2017.11.12-23.17.10:543][  0]LogInit: Applying CVar settings loaded from the selected device profile: [Windows]
[2017.11.12-23.17.10:564][  0]LogInit: Computer: DESKTOP-FM18LGH
[2017.11.12-23.17.10:564][  0]LogInit: User: elvev
[2017.11.12-23.17.10:564][  0]LogInit: CPU Page size=4096, Cores=6
[2017.11.12-23.17.10:564][  0]LogInit: High frequency timer resolution =3.410074 MHz
[2017.11.12-23.17.10:564][  0]LogMemory: Memory total: Physical=31.9GB (32GB approx)
[2017.11.12-23.17.10:564][  0]LogMemory: Platform Memory Stats for Windows
[2017.11.12-23.17.10:564][  0]LogMemory: Process Physical Memory: 277.86 MB used, 277.86 MB peak
[2017.11.12-23.17.10:564][  0]LogMemory: Process Virtual Memory: 282.30 MB used, 282.30 MB peak
[2017.11.12-23.17.10:564][  0]LogMemory: Physical Memory: 7141.70 MB used,  25513.84 MB free, 32655.54 MB total
[2017.11.12-23.17.10:564][  0]LogMemory: Virtual Memory: 680.46 MB used,  25513.84 MB free, 134217728.00 MB total
[2017.11.12-23.17.10:738][  0]LogInit: Using OS detected language (en-US).
[2017.11.12-23.17.10:738][  0]LogInit: Using OS detected locale (en-US).
[2017.11.12-23.17.10:740][  0]LogTextLocalizationManager: No specific localization for 'en-US' exists, so the 'en' localization will be used.
[2017.11.12-23.17.11:378][  0]LogD3D11RHI: D3D11 adapters:
[2017.11.12-23.17.11:426][  0]LogD3D11RHI:    0. 'NVIDIA GeForce GTX 1080 Ti' (Feature Level 11_0)
[2017.11.12-23.17.11:426][  0]LogD3D11RHI:       11124/0/16327 MB DedicatedVideo/DedicatedSystem/SharedSystem, Outputs:2, VendorId:0x10de
[2017.11.12-23.17.11:428][  0]LogD3D11RHI:    1. 'Microsoft Basic Render Driver' (Feature Level 11_0)
[2017.11.12-23.17.11:428][  0]LogD3D11RHI:       0/0/16327 MB DedicatedVideo/DedicatedSystem/SharedSystem, Outputs:0, VendorId:0x1414
[2017.11.12-23.17.11:428][  0]LogD3D11RHI: Chosen D3D11 Adapter: 0
[2017.11.12-23.17.11:433][  0]LogD3D11RHI: Creating new Direct3DDevice
[2017.11.12-23.17.11:433][  0]LogD3D11RHI:     GPU DeviceId: 0x1b06 (for the marketing name, search the web for "GPU Device Id")
[2017.11.12-23.17.11:433][  0]LogWindows: EnumDisplayDevices:
[2017.11.12-23.17.11:434][  0]LogWindows:    0. 'NVIDIA GeForce GTX 1080 Ti' (P:1 D:1)
[2017.11.12-23.17.11:434][  0]LogWindows:    1. 'NVIDIA GeForce GTX 1080 Ti' (P:0 D:1)
[2017.11.12-23.17.11:434][  0]LogWindows:    2. 'NVIDIA GeForce GTX 1080 Ti' (P:0 D:0)
[2017.11.12-23.17.11:434][  0]LogWindows:    3. 'NVIDIA GeForce GTX 1080 Ti' (P:0 D:0)
[2017.11.12-23.17.11:434][  0]LogWindows: DebugString: FoundDriverCount:4 
[2017.11.12-23.17.11:434][  0]LogD3D11RHI:     Adapter Name: NVIDIA GeForce GTX 1080 Ti
[2017.11.12-23.17.11:434][  0]LogD3D11RHI:   Driver Version: 384.94 (internal:22.21.13.8494, unified:384.94)
[2017.11.12-23.17.11:434][  0]LogD3D11RHI:      Driver Date: 7-18-2017
[2017.11.12-23.17.11:434][  0]LogRHI: Texture pool is 1361 MB (70% of 1945 MB)
[2017.11.12-23.17.11:459][  0]LogD3D11RHI: Async texture creation enabled
[2017.11.12-23.17.11:470][  0]LogD3D11RHI: GPU Timing Frequency: 1000.000000 (Debug: 2 1)
[2017.11.12-23.17.11:566][  0]LogShaderCompilers: Guid format shader working directory is -4 characters bigger than the processId version (../../../../../../Documents/Unreal Projects/Speed/Intermediate/Shaders/WorkingDirectory/11384/).
[2017.11.12-23.17.11:566][  0]LogShaderCompilers: Cleaned the shader compiler working directory 'C:/Users/elvev/AppData/Local/Temp/UnrealShaderWorkingDir/8CA911BD42982936E48B56AA704AA774/'.
[2017.11.12-23.17.11:566][  0]LogShaderCompilers: Display: Using Local Shader Compiler.
[2017.11.12-23.17.12:441][  0]LogTemp: Display: Loaded TP AllDesktopTargetPlatform
[2017.11.12-23.17.12:485][  0]LogTemp: Display: Loaded TP MacClientTargetPlatform
[2017.11.12-23.17.12:529][  0]LogTemp: Display: Loaded TP MacNoEditorTargetPlatform
[2017.11.12-23.17.12:573][  0]LogTemp: Display: Loaded TP MacServerTargetPlatform
[2017.11.12-23.17.12:619][  0]LogTemp: Display: Loaded TP MacTargetPlatform
[2017.11.12-23.17.12:663][  0]LogTemp: Display: Loaded TP WindowsClientTargetPlatform
[2017.11.12-23.17.12:711][  0]LogTemp: Display: Loaded TP WindowsNoEditorTargetPlatform
[2017.11.12-23.17.12:759][  0]LogTemp: Display: Loaded TP WindowsServerTargetPlatform
[2017.11.12-23.17.12:798][  0]LogTemp: Display: Loaded TP WindowsTargetPlatform
[2017.11.12-23.17.12:843][  0]LogTemp: Display: Loaded TP Android_ASTCTargetPlatform
[2017.11.12-23.17.12:885][  0]LogTemp: Display: Loaded TP Android_ATCTargetPlatform
[2017.11.12-23.17.12:927][  0]LogTemp: Display: Loaded TP Android_DXTTargetPlatform
[2017.11.12-23.17.12:968][  0]LogTemp: Display: Loaded TP Android_ETC1TargetPlatform
[2017.11.12-23.17.13:014][  0]LogTemp: Display: Loaded TP Android_ETC2TargetPlatform
[2017.11.12-23.17.13:100][  0]LogTemp: Display: Loaded TP Android_MultiTargetPlatform
[2017.11.12-23.17.13:100][  0]LogTemp: Display: Loaded TP Android_PVRTCTargetPlatform
[2017.11.12-23.17.13:148][  0]LogTemp: Display: Loaded TP AndroidTargetPlatform
[2017.11.12-23.17.13:182][  0]LogTemp: Display: Loaded TP HTML5TargetPlatform
[2017.11.12-23.17.13:270][  0]LogTemp: Display: Loaded TP IOSTargetPlatform
[2017.11.12-23.17.13:295][  0]LogTemp: Display: Loaded TP TVOSTargetPlatform
[2017.11.12-23.17.13:295][  0]LogTargetPlatformManager: Display: Building Assets For Windows
[2017.11.12-23.17.13:794][  0]LogDerivedDataCache: Display: Max Cache Size: 512 MB
[2017.11.12-23.17.14:130][  0]LogDerivedDataCache: Loaded boot cache 0.34s 93MB ../../../../../../Documents/Unreal Projects/Speed/DerivedDataCache/Boot.ddc.
[2017.11.12-23.17.14:130][  0]LogDerivedDataCache: Display: Loaded Boot cache: ../../../../../../Documents/Unreal Projects/Speed/DerivedDataCache/Boot.ddc
[2017.11.12-23.17.14:131][  0]LogDerivedDataCache: FDerivedDataBackendGraph:  Pak pak cache file ../../../../../../Documents/Unreal Projects/Speed/DerivedDataCache/DDC.ddp not found, will not use a pak cache.
[2017.11.12-23.17.14:131][  0]LogDerivedDataCache: Unable to find inner node Pak for hierarchical cache Hierarchy.
[2017.11.12-23.17.14:131][  0]LogDerivedDataCache: FDerivedDataBackendGraph:  EnginePak pak cache file ../../../Engine/DerivedDataCache/DDC.ddp not found, will not use a pak cache.
[2017.11.12-23.17.14:131][  0]LogDerivedDataCache: Unable to find inner node EnginePak for hierarchical cache Hierarchy.
[2017.11.12-23.17.14:143][  0]LogDerivedDataCache: Using Local data cache path ../../../Engine/DerivedDataCache: Writable
[2017.11.12-23.17.14:143][  0]LogDerivedDataCache: Shared data cache path not found in *engine.ini, will not use an Shared cache.
[2017.11.12-23.17.14:143][  0]LogDerivedDataCache: Unable to find inner node Shared for hierarchical cache Hierarchy.
[2017.11.12-23.17.14:153][  0]LogMaterial: Verifying Global Shaders for PCD3D_SM5
[2017.11.12-23.17.14:153][  0]LogSlate: Using Freetype 2.6.0
[2017.11.12-23.17.14:154][  0]LogSlate: SlateFontCache - WITH_FREETYPE: 1, WITH_HARFBUZZ: 1
[2017.11.12-23.17.14:154][  0]LogSlate: SlateFontCache - WITH_FREETYPE: 1, WITH_HARFBUZZ: 1
[2017.11.12-23.17.14:408][  0]LogAssetRegistry: FAssetRegistry took 0.0250 seconds to start up
[2017.11.12-23.17.14:497][  0]LogInit: Selected Device Profile: [Windows]
[2017.11.12-23.17.14:820][  0]LogMeshReduction: Using QuadricMeshReduction for automatic static mesh reduction
[2017.11.12-23.17.14:820][  0]LogMeshReduction: No automatic skeletal mesh reduction module available
[2017.11.12-23.17.14:820][  0]LogMeshReduction: No automatic mesh merging module available
[2017.11.12-23.17.14:820][  0]LogMeshReduction: No distributed automatic mesh merging module available
[2017.11.12-23.17.14:820][  0]LogMeshMerging: No automatic mesh merging module available
[2017.11.12-23.17.14:820][  0]LogMeshMerging: No distributed automatic mesh merging module available
[2017.11.12-23.17.14:833][  0]LogContentStreaming: Texture pool size is 0.00 MB
[2017.11.12-23.17.15:232][  0]LogNetVersion: Speed , NetCL: 0, EngineNetVer: 2, GameNetVer: 0 (Checksum: 2350806951)
[2017.11.12-23.17.15:429][  0]LogPackageLocalizationCache: Processed 5 localized package path(s) for 2 prioritized culture(s) in 0.053416 seconds
[2017.11.12-23.17.15:434][  0]LogUObjectArray: 35784 objects as part of root set at end of initial load.
[2017.11.12-23.17.15:434][  0]LogUObjectAllocator: 7522360 out of 0 bytes used by permanent object pool.
[2017.11.12-23.17.15:434][  0]LogUObjectArray: CloseDisregardForGC: 0/0 objects in disregard for GC pool
[2017.11.12-23.17.15:490][  0]LogInit: WinSock: version 1.1 (2.2), MaxSocks=32767, MaxUdp=65467
[2017.11.12-23.17.17:874][  0]LogTcpMessaging: Initializing TcpMessaging bridge
[2017.11.12-23.17.17:915][  0]LogUdpMessaging: Initializing bridge on interface 0.0.0.0:0 to multicast group 230.0.0.1:6666.
[2017.11.12-23.17.18:573][  0]LogMaterial: Uniform references updated for custom material expression Custom.
[2017.11.12-23.17.18:967][  0]SourceControl: Source control is disabled
[2017.11.12-23.17.18:967][  0]SourceControl: Source control is disabled
[2017.11.12-23.17.19:020][  0]SourceControl: Source control is disabled
[2017.11.12-23.17.19:077][  0]SourceControl: Source control is disabled
[2017.11.12-23.17.19:698][  0]LogAndroidPermission: UAndroidPermissionCallbackProxy::GetInstance
[2017.11.12-23.17.19:939][  0]LogOcInput: OculusInput pre-init called
[2017.11.12-23.17.20:200][  0]LogEngine: Initializing Engine...
[2017.11.12-23.17.20:219][  0]LogHMD: Failed to initialize OpenVR with code 126
[2017.11.12-23.17.20:442][  0]LogStats: UGameplayTagsManager::ConstructGameplayTagTree: Construct from data asset -  0.000 s
[2017.11.12-23.17.20:442][  0]LogStats: UGameplayTagsManager::ConstructGameplayTagTree: GameplayTagTreeChangedEvent.Broadcast -  0.000 s
[2017.11.12-23.17.20:552][  0]LogAIModule: Creating AISystem for world Untitled
[2017.11.12-23.17.20:563][  0]LogInit: XAudio2 using 'Speakers (Sound Blaster Recon3Di)' : 2 channels at 48 kHz using 32 bits per sample (channel mask 0x3)
[2017.11.12-23.17.20:574][  0]LogInit: FAudioDevice initialized.
[2017.11.12-23.17.20:651][  0]LogDerivedDataCache: Saved boot cache 0.08s 93MB ../../../../../../Documents/Unreal Projects/Speed/DerivedDataCache/Boot.ddc.
[2017.11.12-23.17.20:660][  0]LogInit: Texture streaming: Enabled
[2017.11.12-23.17.20:759][  0]LogEngineSessionManager: EngineSessionManager initialized
[2017.11.12-23.17.20:952][  0]LogWindowsTextInputMethodSystem: Display: IME system now deactivated.
[2017.11.12-23.17.20:972][  0]LogInit: Transaction tracking system initialized
[2017.11.12-23.17.21:241][  0]BlueprintLog: New page: Editor Load
[2017.11.12-23.17.22:052][  0]LocalizationService: Localization service is disabled
[2017.11.12-23.17.22:681][  0]LogConsoleResponse: Display: 
[2017.11.12-23.17.22:840][  0]LogCook: Display: Max memory allowance for cook 16384mb min free memory 0mb
[2017.11.12-23.17.22:840][  0]LogFileCache: Scanning file cache for directory 'C:/Users/elvev/Documents/Unreal Projects/Speed/Content/' took 0.01s
[2017.11.12-23.17.22:840][  0]LogCook: Display: Mobile HDR setting 1
[2017.11.12-23.17.22:840][  0]LogGameplayTags: Display: UGameplayTagsManager::DoneAddingNativeTags. DelegateIsBound: 0
[2017.11.12-23.17.23:803][  0]SourceControl: Source control is disabled
[2017.11.12-23.17.23:803][  0]Cmd: MAP LOAD FILE="../../../Engine/Content/Maps/Templates/Template_Default.umap" TEMPLATE=1 SHOWPROGRESS=1 FEATURELEVEL=3
[2017.11.12-23.17.23:804][  0]LightingResults: New page: Lighting Build
[2017.11.12-23.17.23:843][  0]MapCheck: New page: Map Check
[2017.11.12-23.17.23:843][  0]LightingResults: New page: Lighting Build
[2017.11.12-23.17.24:016][  0]LogAIModule: Creating AISystem for world Untitled_1
[2017.11.12-23.17.24:020][  0]LogEditorServer: Finished looking for orphan Actors (0.000 secs)
[2017.11.12-23.17.24:037][  0]Cmd: MAP CHECKDEP NOCLEARLOG
[2017.11.12-23.17.24:081][  0]MapCheck: Map check complete: 0 Error(s), 0 Warning(s), took 44.635ms to complete.
[2017.11.12-23.17.24:082][  0]LogFileHelpers: Loading map 'Template_Default' took 0.278
[2017.11.12-23.17.24:245][  0]LogCollectionManager: Loaded 0 collections in 0.001965 seconds
[2017.11.12-23.17.24:330][  0]LogFileCache: Scanning file cache for directory 'C:/Users/elvev/Documents/Unreal Projects/Speed/Saved/Collections/' took 0.01s
[2017.11.12-23.17.24:330][  0]LogFileCache: Scanning file cache for directory 'C:/Users/elvev/Documents/Unreal Projects/Speed/Content/Developers/elvev/Collections/' took 0.01s
[2017.11.12-23.17.24:330][  0]LogFileCache: Scanning file cache for directory 'C:/Users/elvev/Documents/Unreal Projects/Speed/Content/Collections/' took 0.01s
[2017.11.12-23.17.24:330][  0]LogCollectionManager: Rebuilt the GUID cache for 0 collections in 0.000001 seconds
[2017.11.12-23.17.24:341][  0]LogContentBrowser: Native class hierarchy populated in 0.0095 seconds. Added 2386 classes and 500 folders.
[2017.11.12-23.17.24:400][  0]LogContentBrowser: Native class hierarchy updated for 'WidgetCarousel' in 0.0012 seconds. Added 0 classes and 0 folders.
[2017.11.12-23.17.24:737][  0]LogContentBrowser: Native class hierarchy updated for 'AddContentDialog' in 0.0012 seconds. Added 0 classes and 0 folders.
[2017.11.12-23.17.24:782][  0]LogContentBrowser: Native class hierarchy updated for 'SceneOutliner' in 0.0013 seconds. Added 1 classes and 2 folders.
[2017.11.12-23.17.24:824][  0]LogSlate: Took 0.000201 seconds to synchronously load lazily loaded font '../../../Engine/Content/Slate/Fonts/Roboto-Regular.ttf' (155K)
[2017.11.12-23.17.24:826][  0]LogSlate: Took 0.000152 seconds to synchronously load lazily loaded font '../../../Engine/Content/Slate/Fonts/Roboto-Bold.ttf' (160K)
[2017.11.12-23.17.24:839][  0]LogSlate: Took 0.006066 seconds to synchronously load lazily loaded font '../../../Engine/Content/Editor/Slate/Fonts/FontAwesome.ttf' (139K)
[2017.11.12-23.17.24:962][  0]LogRenderer: Reallocating scene render targets to support 1208x576 Format 10 NumSamples 1 (Frame:1).
[2017.11.12-23.17.25:320][  0]LogContentBrowser: Native class hierarchy updated for 'HierarchicalLODOutliner' in 0.0013 seconds. Added 1 classes and 2 folders.
[2017.11.12-23.17.25:320][  0]LogLoad: (Engine Initialization) Total time: 17.56 seconds
[2017.11.12-23.17.25:320][  0]LogLoad: (Engine Initialization) Total Blueprint compile time: 0.00 seconds
[2017.11.12-23.17.25:320][  0]LogExternalProfiler: No external profilers were discovered.  External profiling features will not be available.
[2017.11.12-23.17.25:344][  0]LogAssetRegistry: Asset discovery search completed in 10.9583 seconds
[2017.11.12-23.17.25:346][  0]LogCollectionManager: Rebuilt the object cache for 0 collections in 0.000001 seconds (found 0 objects)
[2017.11.12-23.17.25:346][  0]LogCollectionManager: Fixed up redirectors for 0 collections in 0.000036 seconds (updated 0 objects)
[2017.11.12-23.17.25:348][  0]LogContentStreaming: Texture pool size now 1000 MB
