Log file open, 11/12/17 11:48:15
LogWindows: Failed to load 'aqProf.dll' (GetLastError=126)
LogWindows: File 'aqProf.dll' does not exist
LogWindows: Failed to load 'VtuneApi.dll' (GetLastError=126)
LogWindows: File 'VtuneApi.dll' does not exist
LogWindows: Failed to load 'VtuneApi32e.dll' (GetLastError=126)
LogWindows: File 'VtuneApi32e.dll' does not exist
LogInit: Display: Running engine for game: Speed
LogPlatformFile: Not using cached read wrapper
LogInit: Display: RandInit(-1071864024) SRandInit(-1071864024).
LogInit: Using version manifest at CL 0 with build ID '61a269ed-316b-4076-91a7-0e169dbd398d'
LogTaskGraph: Started task graph with 5 named threads and 20 total threads with 3 sets of task threads.
LogStats: Stats thread started at 0.244306
LogD3D11RHI: Aftermath initialized
LogPluginManager: Mounting plugin Paper2D
LogPluginManager: Mounting plugin LightPropagationVolume
LogPluginManager: Mounting plugin CodeLiteSourceCodeAccess
LogPluginManager: Mounting plugin GitSourceControl
LogPluginManager: Mounting plugin KDevelopSourceCodeAccess
LogPluginManager: Mounting plugin NullSourceCodeAccess
LogPluginManager: Mounting plugin PerforceSourceControl
LogPluginManager: Mounting plugin SubversionSourceControl
LogPluginManager: Mounting plugin UObjectPlugin
LogPluginManager: Mounting plugin VisualStudioSourceCodeAccess
LogPluginManager: Mounting plugin XCodeSourceCodeAccess
LogPluginManager: Mounting plugin AssetManagerEditor
LogPluginManager: Mounting plugin AudioCapture
LogPluginManager: Mounting plugin FacialAnimation
LogPluginManager: Mounting plugin GameplayTagsEditor
LogPluginManager: Mounting plugin MobileLauncherProfileWizard
LogPluginManager: Mounting plugin PluginBrowser
LogPluginManager: Mounting plugin SpeedTreeImporter
LogPluginManager: Mounting plugin AlembicImporter
LogPluginManager: Mounting plugin CharacterAI
LogPluginManager: Mounting plugin HTML5Networking
LogPluginManager: Mounting plugin AndroidMedia
LogPluginManager: Mounting plugin AvfMedia
LogPluginManager: Mounting plugin MediaPlayerEditor
LogPluginManager: Mounting plugin WmfMedia
LogPluginManager: Mounting plugin TcpMessaging
LogPluginManager: Mounting plugin UdpMessaging
LogPluginManager: Mounting plugin LevelSequenceEditor
LogPluginManager: Mounting plugin MatineeToLevelSequence
LogPluginManager: Mounting plugin OnlineSubsystemGooglePlay
LogPluginManager: Mounting plugin OnlineSubsystemIOS
LogPluginManager: Mounting plugin OnlineSubsystem
LogPluginManager: Mounting plugin OnlineSubsystemNull
LogPluginManager: Mounting plugin OnlineSubsystemUtils
LogPluginManager: Mounting plugin AndroidDeviceProfileSelector
LogPluginManager: Mounting plugin AndroidMoviePlayer
LogPluginManager: Mounting plugin AndroidPermission
LogPluginManager: Mounting plugin AppleMoviePlayer
LogPluginManager: Mounting plugin ArchVisCharacter
LogPluginManager: Mounting plugin CableComponent
LogPluginManager: Mounting plugin CustomMeshComponent
LogPluginManager: Mounting plugin ExampleDeviceProfileSelector
LogPluginManager: Mounting plugin GoogleCloudMessaging
LogPluginManager: Mounting plugin ImmediatePhysics
LogPluginManager: Mounting plugin IOSDeviceProfileSelector
LogPluginManager: Mounting plugin LinuxDeviceProfileSelector
LogPluginManager: Mounting plugin LocationServicesBPLibrary
LogPluginManager: Mounting plugin MobilePatchingUtils
LogPluginManager: Mounting plugin OculusVR
LogPluginManager: Mounting plugin PhysXVehicles
LogPluginManager: Mounting plugin ProceduralMeshComponent
LogPluginManager: Mounting plugin RuntimePhysXCooking
LogPluginManager: Mounting plugin SteamVR
LogPluginManager: Mounting plugin WindowsMoviePlayer
LogInit: Using libcurl 7.47.1
LogInit:  - built for x86_64-pc-win32
LogInit:  - supports SSL with OpenSSL/1.0.2g
LogInit:  - supports HTTP deflate (compression) using libz 1.2.8
LogInit:  - other features:
LogInit:      CURL_VERSION_SSL
LogInit:      CURL_VERSION_LIBZ
LogInit:      CURL_VERSION_IPV6
LogInit:      CURL_VERSION_ASYNCHDNS
LogInit:      CURL_VERSION_LARGEFILE
LogInit:      CURL_VERSION_IDN
LogInit:  CurlRequestOptions (configurable via config and command line):
LogInit:  - bVerifyPeer = false  - Libcurl will NOT verify peer certificate
LogInit:  - bUseHttpProxy = false  - Libcurl will NOT use HTTP proxy
LogInit:  - bDontReuseConnections = false  - Libcurl will reuse connections
LogInit:  - CertBundlePath = nullptr  - Libcurl will use whatever was configured at build time.
LogInit: Build: ++UE4+Release-4.17-CL-0
LogInit: Engine Version: 4.17.2-0+++UE4+Release-4.17
LogInit: Compatible Engine Version: 4.17.0-0+++UE4+Release-4.17
LogInit: Net CL: 0
LogDevObjectVersion: Number of dev versions registered: 16
LogDevObjectVersion:   Dev-Blueprints (B0D832E4-1F89-4F0D-ACCF-7EB736FD4AA2): 10
LogDevObjectVersion:   Dev-Build (E1C64328-A22C-4D53-A36C-8E866417BD8C): 0
LogDevObjectVersion:   Dev-Core (375EC13C-06E4-48FB-B500-84F0262A717E): 2
LogDevObjectVersion:   Dev-Editor (E4B068ED-F494-42E9-A231-DA0B2E46BB41): 20
LogDevObjectVersion:   Dev-Framework (CFFC743F-43B0-4480-9391-14DF171D2073): 28
LogDevObjectVersion:   Dev-Mobile (B02B49B5-BB20-44E9-A304-32B752E40360): 0
LogDevObjectVersion:   Dev-Networking (A4E4105C-59A1-49B5-A7C5-40C4547EDFEE): 0
LogDevObjectVersion:   Dev-Online (39C831C9-5AE6-47DC-9A44-9C173E1C8E7C): 0
LogDevObjectVersion:   Dev-Physics (78F01B33-EBEA-4F98-B9B4-84EACCB95AA2): 0
LogDevObjectVersion:   Dev-Platform (6631380F-2D4D-43E0-8009-CF276956A95A): 0
LogDevObjectVersion:   Dev-Rendering (12F88B9F-8875-4AFC-A67C-D90C383ABD29): 19
LogDevObjectVersion:   Dev-Sequencer (7B5AE74C-D270-4C10-A958-57980B212A5A): 4
LogDevObjectVersion:   Dev-VR (D7296918-1DD6-4BDD-9DE2-64A83CC13884): 0
LogDevObjectVersion:   Dev-LoadTimes (C2A15278-BFE7-4AFE-6C17-90FF531DF755): 1
LogDevObjectVersion:   Private-Geometry (6EACA3D4-40EC-4CC1-B786-8BED09428FC5): 1
LogDevObjectVersion:   Dev-AnimPhys (29E575DD-E0A3-4627-9D10-D276232CDCEA): 7
LogInit: Compiled (64-bit): Sep 27 2017 16:27:35
LogInit: Compiled with Visual C++: 19.11.25508.02
LogInit: Build Configuration: Development
LogInit: Branch Name: ++UE4+Release-4.17
LogInit: Command line: 
LogInit: Base directory: C:/Users/elvev/Desktop/ue4/UnrealEngine-release/Engine/Binaries/Win64/
LogInit: Installed Engine Build: 0
LogInit: Presizing for max 8388607 objects, including 0 objects not considered by GC, pre-allocating 0 bytes for permanent pool.
LogInit: Object subsystem initialized
[2017.11.12-00.48.16:649][  0]LogInit: Selected Device Profile: [Windows]
[2017.11.12-00.48.16:649][  0]LogInit: Applying CVar settings loaded from the selected device profile: [Windows]
[2017.11.12-00.48.16:673][  0]LogInit: Computer: DESKTOP-FM18LGH
[2017.11.12-00.48.16:673][  0]LogInit: User: elvev
[2017.11.12-00.48.16:673][  0]LogInit: CPU Page size=4096, Cores=6
[2017.11.12-00.48.16:673][  0]LogInit: High frequency timer resolution =3.410075 MHz
[2017.11.12-00.48.16:673][  0]LogMemory: Memory total: Physical=31.9GB (32GB approx)
[2017.11.12-00.48.16:673][  0]LogMemory: Platform Memory Stats for Windows
[2017.11.12-00.48.16:674][  0]LogMemory: Process Physical Memory: 277.81 MB used, 277.81 MB peak
[2017.11.12-00.48.16:674][  0]LogMemory: Process Virtual Memory: 282.19 MB used, 282.19 MB peak
[2017.11.12-00.48.16:674][  0]LogMemory: Physical Memory: 8126.73 MB used,  24528.80 MB free, 32655.54 MB total
[2017.11.12-00.48.16:674][  0]LogMemory: Virtual Memory: 680.46 MB used,  24528.80 MB free, 134217728.00 MB total
[2017.11.12-00.48.16:828][  0]LogInit: Using OS detected language (en-US).
[2017.11.12-00.48.16:828][  0]LogInit: Using OS detected locale (en-US).
[2017.11.12-00.48.16:832][  0]LogTextLocalizationManager: No specific localization for 'en-US' exists, so the 'en' localization will be used.
[2017.11.12-00.48.17:512][  0]LogD3D11RHI: D3D11 adapters:
[2017.11.12-00.48.17:555][  0]LogD3D11RHI:    0. 'NVIDIA GeForce GTX 1080 Ti' (Feature Level 11_0)
[2017.11.12-00.48.17:555][  0]LogD3D11RHI:       11124/0/16327 MB DedicatedVideo/DedicatedSystem/SharedSystem, Outputs:2, VendorId:0x10de
[2017.11.12-00.48.17:557][  0]LogD3D11RHI:    1. 'Microsoft Basic Render Driver' (Feature Level 11_0)
[2017.11.12-00.48.17:557][  0]LogD3D11RHI:       0/0/16327 MB DedicatedVideo/DedicatedSystem/SharedSystem, Outputs:0, VendorId:0x1414
[2017.11.12-00.48.17:557][  0]LogD3D11RHI: Chosen D3D11 Adapter: 0
[2017.11.12-00.48.17:563][  0]LogD3D11RHI: Creating new Direct3DDevice
[2017.11.12-00.48.17:563][  0]LogD3D11RHI:     GPU DeviceId: 0x1b06 (for the marketing name, search the web for "GPU Device Id")
[2017.11.12-00.48.17:563][  0]LogWindows: EnumDisplayDevices:
[2017.11.12-00.48.17:563][  0]LogWindows:    0. 'NVIDIA GeForce GTX 1080 Ti' (P:1 D:1)
[2017.11.12-00.48.17:563][  0]LogWindows:    1. 'NVIDIA GeForce GTX 1080 Ti' (P:0 D:1)
[2017.11.12-00.48.17:563][  0]LogWindows:    2. 'NVIDIA GeForce GTX 1080 Ti' (P:0 D:0)
[2017.11.12-00.48.17:564][  0]LogWindows:    3. 'NVIDIA GeForce GTX 1080 Ti' (P:0 D:0)
[2017.11.12-00.48.17:564][  0]LogWindows: DebugString: FoundDriverCount:4 
[2017.11.12-00.48.17:564][  0]LogD3D11RHI:     Adapter Name: NVIDIA GeForce GTX 1080 Ti
[2017.11.12-00.48.17:564][  0]LogD3D11RHI:   Driver Version: 384.94 (internal:22.21.13.8494, unified:384.94)
[2017.11.12-00.48.17:564][  0]LogD3D11RHI:      Driver Date: 7-18-2017
[2017.11.12-00.48.17:564][  0]LogRHI: Texture pool is 1361 MB (70% of 1945 MB)
[2017.11.12-00.48.17:591][  0]LogD3D11RHI: Async texture creation enabled
[2017.11.12-00.48.17:603][  0]LogD3D11RHI: GPU Timing Frequency: 1000.000000 (Debug: 2 1)
[2017.11.12-00.48.17:701][  0]LogShaderCompilers: Guid format shader working directory is -3 characters bigger than the processId version (../../../../../../Documents/Unreal Projects/Speed/Intermediate/Shaders/WorkingDirectory/8856/).
[2017.11.12-00.48.17:701][  0]LogShaderCompilers: Cleaned the shader compiler working directory 'C:/Users/elvev/AppData/Local/Temp/UnrealShaderWorkingDir/B54EB4F54B9A4B56CDF66685E23CD666/'.
[2017.11.12-00.48.17:701][  0]LogShaderCompilers: Display: Using Local Shader Compiler.
[2017.11.12-00.48.18:668][  0]LogTemp: Display: Loaded TP AllDesktopTargetPlatform
[2017.11.12-00.48.18:712][  0]LogTemp: Display: Loaded TP MacClientTargetPlatform
[2017.11.12-00.48.18:756][  0]LogTemp: Display: Loaded TP MacNoEditorTargetPlatform
[2017.11.12-00.48.18:800][  0]LogTemp: Display: Loaded TP MacServerTargetPlatform
[2017.11.12-00.48.18:849][  0]LogTemp: Display: Loaded TP MacTargetPlatform
[2017.11.12-00.48.18:893][  0]LogTemp: Display: Loaded TP WindowsClientTargetPlatform
[2017.11.12-00.48.18:936][  0]LogTemp: Display: Loaded TP WindowsNoEditorTargetPlatform
[2017.11.12-00.48.18:978][  0]LogTemp: Display: Loaded TP WindowsServerTargetPlatform
[2017.11.12-00.48.19:016][  0]LogTemp: Display: Loaded TP WindowsTargetPlatform
[2017.11.12-00.48.19:057][  0]LogTemp: Display: Loaded TP Android_ASTCTargetPlatform
[2017.11.12-00.48.19:098][  0]LogTemp: Display: Loaded TP Android_ATCTargetPlatform
[2017.11.12-00.48.19:141][  0]LogTemp: Display: Loaded TP Android_DXTTargetPlatform
[2017.11.12-00.48.19:182][  0]LogTemp: Display: Loaded TP Android_ETC1TargetPlatform
[2017.11.12-00.48.19:223][  0]LogTemp: Display: Loaded TP Android_ETC2TargetPlatform
[2017.11.12-00.48.19:305][  0]LogTemp: Display: Loaded TP Android_MultiTargetPlatform
[2017.11.12-00.48.19:305][  0]LogTemp: Display: Loaded TP Android_PVRTCTargetPlatform
[2017.11.12-00.48.19:347][  0]LogTemp: Display: Loaded TP AndroidTargetPlatform
[2017.11.12-00.48.19:381][  0]LogTemp: Display: Loaded TP HTML5TargetPlatform
[2017.11.12-00.48.19:462][  0]LogTemp: Display: Loaded TP IOSTargetPlatform
[2017.11.12-00.48.19:511][  0]LogTemp: Display: Loaded TP TVOSTargetPlatform
[2017.11.12-00.48.19:511][  0]LogTargetPlatformManager: Display: Building Assets For Windows
[2017.11.12-00.48.20:037][  0]LogDerivedDataCache: Display: Max Cache Size: 512 MB
[2017.11.12-00.48.20:598][  0]LogDerivedDataCache: Loaded boot cache 0.56s 93MB ../../../../../../Documents/Unreal Projects/Speed/DerivedDataCache/Boot.ddc.
[2017.11.12-00.48.20:598][  0]LogDerivedDataCache: Display: Loaded Boot cache: ../../../../../../Documents/Unreal Projects/Speed/DerivedDataCache/Boot.ddc
[2017.11.12-00.48.20:598][  0]LogDerivedDataCache: FDerivedDataBackendGraph:  Pak pak cache file ../../../../../../Documents/Unreal Projects/Speed/DerivedDataCache/DDC.ddp not found, will not use a pak cache.
[2017.11.12-00.48.20:598][  0]LogDerivedDataCache: Unable to find inner node Pak for hierarchical cache Hierarchy.
[2017.11.12-00.48.20:598][  0]LogDerivedDataCache: FDerivedDataBackendGraph:  EnginePak pak cache file ../../../Engine/DerivedDataCache/DDC.ddp not found, will not use a pak cache.
[2017.11.12-00.48.20:598][  0]LogDerivedDataCache: Unable to find inner node EnginePak for hierarchical cache Hierarchy.
[2017.11.12-00.48.20:611][  0]LogDerivedDataCache: Using Local data cache path ../../../Engine/DerivedDataCache: Writable
[2017.11.12-00.48.20:611][  0]LogDerivedDataCache: Shared data cache path not found in *engine.ini, will not use an Shared cache.
[2017.11.12-00.48.20:611][  0]LogDerivedDataCache: Unable to find inner node Shared for hierarchical cache Hierarchy.
[2017.11.12-00.48.20:623][  0]LogMaterial: Verifying Global Shaders for PCD3D_SM5
[2017.11.12-00.48.20:624][  0]LogSlate: Using Freetype 2.6.0
[2017.11.12-00.48.20:625][  0]LogSlate: SlateFontCache - WITH_FREETYPE: 1, WITH_HARFBUZZ: 1
[2017.11.12-00.48.20:625][  0]LogSlate: SlateFontCache - WITH_FREETYPE: 1, WITH_HARFBUZZ: 1
[2017.11.12-00.48.20:904][  0]LogAssetRegistry: FAssetRegistry took 0.0259 seconds to start up
[2017.11.12-00.48.21:036][  0]LogInit: Selected Device Profile: [Windows]
[2017.11.12-00.48.21:424][  0]LogMeshReduction: Using QuadricMeshReduction for automatic static mesh reduction
[2017.11.12-00.48.21:424][  0]LogMeshReduction: No automatic skeletal mesh reduction module available
[2017.11.12-00.48.21:424][  0]LogMeshReduction: No automatic mesh merging module available
[2017.11.12-00.48.21:424][  0]LogMeshReduction: No distributed automatic mesh merging module available
[2017.11.12-00.48.21:424][  0]LogMeshMerging: No automatic mesh merging module available
[2017.11.12-00.48.21:424][  0]LogMeshMerging: No distributed automatic mesh merging module available
[2017.11.12-00.48.21:438][  0]LogContentStreaming: Texture pool size is 0.00 MB
[2017.11.12-00.48.21:972][  0]LogNetVersion: Speed , NetCL: 0, EngineNetVer: 2, GameNetVer: 0 (Checksum: 2350806951)
[2017.11.12-00.48.22:271][  0]LogPackageLocalizationCache: Processed 5 localized package path(s) for 2 prioritized culture(s) in 0.093914 seconds
[2017.11.12-00.48.22:280][  0]LogUObjectArray: 35784 objects as part of root set at end of initial load.
[2017.11.12-00.48.22:280][  0]LogUObjectAllocator: 7522360 out of 0 bytes used by permanent object pool.
[2017.11.12-00.48.22:280][  0]LogUObjectArray: CloseDisregardForGC: 0/0 objects in disregard for GC pool
[2017.11.12-00.48.22:353][  0]LogInit: WinSock: version 1.1 (2.2), MaxSocks=32767, MaxUdp=65467
[2017.11.12-00.48.25:058][  0]LogTcpMessaging: Initializing TcpMessaging bridge
[2017.11.12-00.48.25:101][  0]LogUdpMessaging: Initializing bridge on interface 0.0.0.0:0 to multicast group 230.0.0.1:6666.
[2017.11.12-00.48.25:841][  0]LogMaterial: Uniform references updated for custom material expression Custom.
[2017.11.12-00.48.26:261][  0]SourceControl: Source control is disabled
[2017.11.12-00.48.26:262][  0]SourceControl: Source control is disabled
[2017.11.12-00.48.26:315][  0]SourceControl: Source control is disabled
[2017.11.12-00.48.26:365][  0]SourceControl: Source control is disabled
[2017.11.12-00.48.27:013][  0]LogAndroidPermission: UAndroidPermissionCallbackProxy::GetInstance
[2017.11.12-00.48.27:270][  0]LogOcInput: OculusInput pre-init called
[2017.11.12-00.48.27:582][  0]LogEngine: Initializing Engine...
[2017.11.12-00.48.27:606][  0]LogHMD: Failed to initialize OpenVR with code 126
[2017.11.12-00.48.27:892][  0]LogStats: UGameplayTagsManager::ConstructGameplayTagTree: Construct from data asset -  0.000 s
[2017.11.12-00.48.27:892][  0]LogStats: UGameplayTagsManager::ConstructGameplayTagTree: GameplayTagTreeChangedEvent.Broadcast -  0.000 s
[2017.11.12-00.48.28:012][  0]LogAIModule: Creating AISystem for world Untitled
[2017.11.12-00.48.28:024][  0]LogInit: XAudio2 using 'Speakers (Sound Blaster Recon3Di)' : 2 channels at 48 kHz using 32 bits per sample (channel mask 0x3)
[2017.11.12-00.48.28:044][  0]LogInit: FAudioDevice initialized.
[2017.11.12-00.48.28:129][  0]LogDerivedDataCache: Saved boot cache 0.08s 93MB ../../../../../../Documents/Unreal Projects/Speed/DerivedDataCache/Boot.ddc.
[2017.11.12-00.48.28:141][  0]LogInit: Texture streaming: Enabled
[2017.11.12-00.48.28:247][  0]LogEngineSessionManager: EngineSessionManager initialized
[2017.11.12-00.48.28:445][  0]LogWindowsTextInputMethodSystem: Display: IME system now deactivated.
[2017.11.12-00.48.28:921][  0]LogInit: Transaction tracking system initialized
[2017.11.12-00.48.29:209][  0]BlueprintLog: New page: Editor Load
[2017.11.12-00.48.30:013][  0]LocalizationService: Localization service is disabled
[2017.11.12-00.48.30:662][  0]LogConsoleResponse: Display: 
[2017.11.12-00.48.30:822][  0]LogCook: Display: Max memory allowance for cook 16384mb min free memory 0mb
[2017.11.12-00.48.30:822][  0]LogCook: Display: Mobile HDR setting 1
[2017.11.12-00.48.30:822][  0]LogFileCache: Scanning file cache for directory 'C:/Users/elvev/Documents/Unreal Projects/Speed/Content/' took 0.01s
[2017.11.12-00.48.30:822][  0]LogGameplayTags: Display: UGameplayTagsManager::DoneAddingNativeTags. DelegateIsBound: 0
[2017.11.12-00.48.31:814][  0]SourceControl: Source control is disabled
[2017.11.12-00.48.31:814][  0]Cmd: MAP LOAD FILE="../../../Engine/Content/Maps/Templates/Template_Default.umap" TEMPLATE=1 SHOWPROGRESS=1 FEATURELEVEL=3
[2017.11.12-00.48.31:815][  0]LightingResults: New page: Lighting Build
[2017.11.12-00.48.31:852][  0]MapCheck: New page: Map Check
[2017.11.12-00.48.31:852][  0]LightingResults: New page: Lighting Build
[2017.11.12-00.48.32:022][  0]LogAIModule: Creating AISystem for world Untitled_1
[2017.11.12-00.48.32:026][  0]LogEditorServer: Finished looking for orphan Actors (0.000 secs)
[2017.11.12-00.48.32:042][  0]Cmd: MAP CHECKDEP NOCLEARLOG
[2017.11.12-00.48.32:092][  0]MapCheck: Map check complete: 0 Error(s), 0 Warning(s), took 49.4ms to complete.
[2017.11.12-00.48.32:092][  0]LogFileHelpers: Loading map 'Template_Default' took 0.278
[2017.11.12-00.48.32:261][  0]LogCollectionManager: Loaded 0 collections in 0.002967 seconds
[2017.11.12-00.48.32:349][  0]LogFileCache: Scanning file cache for directory 'C:/Users/elvev/Documents/Unreal Projects/Speed/Saved/Collections/' took 0.01s
[2017.11.12-00.48.32:349][  0]LogFileCache: Scanning file cache for directory 'C:/Users/elvev/Documents/Unreal Projects/Speed/Content/Developers/elvev/Collections/' took 0.01s
[2017.11.12-00.48.32:349][  0]LogFileCache: Scanning file cache for directory 'C:/Users/elvev/Documents/Unreal Projects/Speed/Content/Collections/' took 0.01s
[2017.11.12-00.48.32:349][  0]LogCollectionManager: Rebuilt the GUID cache for 0 collections in 0.000001 seconds
[2017.11.12-00.48.32:360][  0]LogContentBrowser: Native class hierarchy populated in 0.0098 seconds. Added 2386 classes and 500 folders.
[2017.11.12-00.48.32:423][  0]LogContentBrowser: Native class hierarchy updated for 'WidgetCarousel' in 0.0013 seconds. Added 0 classes and 0 folders.
[2017.11.12-00.48.32:747][  0]LogContentBrowser: Native class hierarchy updated for 'AddContentDialog' in 0.0013 seconds. Added 0 classes and 0 folders.
[2017.11.12-00.48.32:792][  0]LogContentBrowser: Native class hierarchy updated for 'SceneOutliner' in 0.0013 seconds. Added 1 classes and 2 folders.
[2017.11.12-00.48.32:837][  0]LogSlate: Took 0.000700 seconds to synchronously load lazily loaded font '../../../Engine/Content/Slate/Fonts/Roboto-Regular.ttf' (155K)
[2017.11.12-00.48.32:840][  0]LogSlate: Took 0.000157 seconds to synchronously load lazily loaded font '../../../Engine/Content/Slate/Fonts/Roboto-Bold.ttf' (160K)
[2017.11.12-00.48.32:851][  0]LogSlate: Took 0.004768 seconds to synchronously load lazily loaded font '../../../Engine/Content/Editor/Slate/Fonts/FontAwesome.ttf' (139K)
[2017.11.12-00.48.32:979][  0]LogRenderer: Reallocating scene render targets to support 1208x576 Format 10 NumSamples 1 (Frame:1).
[2017.11.12-00.48.33:335][  0]LogContentBrowser: Native class hierarchy updated for 'HierarchicalLODOutliner' in 0.0014 seconds. Added 1 classes and 2 folders.
[2017.11.12-00.48.33:335][  0]LogLoad: (Engine Initialization) Total time: 19.62 seconds
[2017.11.12-00.48.33:335][  0]LogLoad: (Engine Initialization) Total Blueprint compile time: 0.00 seconds
[2017.11.12-00.48.33:335][  0]LogExternalProfiler: No external profilers were discovered.  External profiling features will not be available.
[2017.11.12-00.48.33:359][  0]LogAssetRegistry: Asset discovery search completed in 12.4784 seconds
[2017.11.12-00.48.33:361][  0]LogCollectionManager: Rebuilt the object cache for 0 collections in 0.000000 seconds (found 0 objects)
[2017.11.12-00.48.33:361][  0]LogCollectionManager: Fixed up redirectors for 0 collections in 0.000035 seconds (updated 0 objects)
[2017.11.12-00.48.33:363][  0]LogContentStreaming: Texture pool size now 1000 MB
[2017.11.12-02.57.52:874][475]LogRenderer: Reallocating scene render targets to support 1208x600 Format 10 NumSamples 1 (Frame:16627).
[2017.11.12-03.17.16:187][965]LogWindowsTextInputMethodSystem: Display: IME system now deactivated.
[2017.11.12-03.17.16:187][965]LogWindowsTextInputMethodSystem: Display: IME system now deactivated.
[2017.11.12-03.17.26:314][166]LogDirectoryWatcher: Warning: Failed to begin reading directory changes for ../../../../../../Documents/Unreal Projects/Speed/Plugins/. Error: The system cannot find the file specified. (0x00000002)
[2017.11.12-03.17.51:730][832]LogDirectoryWatcher: A directory notification for '../../../Engine/Plugins/' was aborted.
[2017.11.12-04.15.35:619][304]LogD3D11RHI: Timed out while waiting for GPU to catch up. (500 ms)
