Log file open, 11/15/17 17:31:26
LogWindows: Failed to load 'aqProf.dll' (GetLastError=126)
LogWindows: File 'aqProf.dll' does not exist
LogWindows: Failed to load 'VtuneApi.dll' (GetLastError=126)
LogWindows: File 'VtuneApi.dll' does not exist
LogWindows: Failed to load 'VtuneApi32e.dll' (GetLastError=126)
LogWindows: File 'VtuneApi32e.dll' does not exist
LogInit: Display: Running engine for game: Speed
LogPlatformFile: Not using cached read wrapper
LogInit: Display: RandInit(-1223846129) SRandInit(-1223846128).
LogInit: Using version manifest at CL 0 with build ID '61a269ed-316b-4076-91a7-0e169dbd398d'
LogTaskGraph: Started task graph with 5 named threads and 20 total threads with 3 sets of task threads.
LogStats: Stats thread started at 0.688804
LogD3D11RHI: Aftermath initialized
LogPluginManager: Mounting plugin Paper2D
LogPluginManager: Mounting plugin LightPropagationVolume
LogPluginManager: Mounting plugin CodeLiteSourceCodeAccess
LogPluginManager: Mounting plugin GitSourceControl
LogPluginManager: Mounting plugin KDevelopSourceCodeAccess
LogPluginManager: Mounting plugin NullSourceCodeAccess
LogPluginManager: Mounting plugin PerforceSourceControl
LogPluginManager: Mounting plugin SubversionSourceControl
LogPluginManager: Mounting plugin UObjectPlugin
LogPluginManager: Mounting plugin VisualStudioSourceCodeAccess
LogPluginManager: Mounting plugin XCodeSourceCodeAccess
LogPluginManager: Mounting plugin AssetManagerEditor
LogPluginManager: Mounting plugin AudioCapture
LogPluginManager: Mounting plugin FacialAnimation
LogPluginManager: Mounting plugin GameplayTagsEditor
LogPluginManager: Mounting plugin MobileLauncherProfileWizard
LogPluginManager: Mounting plugin PluginBrowser
LogPluginManager: Mounting plugin SpeedTreeImporter
LogPluginManager: Mounting plugin AlembicImporter
LogPluginManager: Mounting plugin CharacterAI
LogPluginManager: Mounting plugin HTML5Networking
LogPluginManager: Mounting plugin AndroidMedia
LogPluginManager: Mounting plugin AvfMedia
LogPluginManager: Mounting plugin MediaPlayerEditor
LogPluginManager: Mounting plugin WmfMedia
LogPluginManager: Mounting plugin TcpMessaging
LogPluginManager: Mounting plugin UdpMessaging
LogPluginManager: Mounting plugin LevelSequenceEditor
LogPluginManager: Mounting plugin MatineeToLevelSequence
LogPluginManager: Mounting plugin OnlineSubsystemGooglePlay
LogPluginManager: Mounting plugin OnlineSubsystemIOS
LogPluginManager: Mounting plugin OnlineSubsystem
LogPluginManager: Mounting plugin OnlineSubsystemNull
LogPluginManager: Mounting plugin OnlineSubsystemUtils
LogPluginManager: Mounting plugin AndroidDeviceProfileSelector
LogPluginManager: Mounting plugin AndroidMoviePlayer
LogPluginManager: Mounting plugin AndroidPermission
LogPluginManager: Mounting plugin AppleMoviePlayer
LogPluginManager: Mounting plugin ArchVisCharacter
LogPluginManager: Mounting plugin CableComponent
LogPluginManager: Mounting plugin CustomMeshComponent
LogPluginManager: Mounting plugin ExampleDeviceProfileSelector
LogPluginManager: Mounting plugin GoogleCloudMessaging
LogPluginManager: Mounting plugin ImmediatePhysics
LogPluginManager: Mounting plugin IOSDeviceProfileSelector
LogPluginManager: Mounting plugin LinuxDeviceProfileSelector
LogPluginManager: Mounting plugin LocationServicesBPLibrary
LogPluginManager: Mounting plugin MobilePatchingUtils
LogPluginManager: Mounting plugin OculusVR
LogPluginManager: Mounting plugin PhysXVehicles
LogPluginManager: Mounting plugin ProceduralMeshComponent
LogPluginManager: Mounting plugin RuntimePhysXCooking
LogPluginManager: Mounting plugin SteamVR
LogPluginManager: Mounting plugin WindowsMoviePlayer
LogInit: Using libcurl 7.47.1
LogInit:  - built for x86_64-pc-win32
LogInit:  - supports SSL with OpenSSL/1.0.2g
LogInit:  - supports HTTP deflate (compression) using libz 1.2.8
LogInit:  - other features:
LogInit:      CURL_VERSION_SSL
LogInit:      CURL_VERSION_LIBZ
LogInit:      CURL_VERSION_IPV6
LogInit:      CURL_VERSION_ASYNCHDNS
LogInit:      CURL_VERSION_LARGEFILE
LogInit:      CURL_VERSION_IDN
LogInit:  CurlRequestOptions (configurable via config and command line):
LogInit:  - bVerifyPeer = false  - Libcurl will NOT verify peer certificate
LogInit:  - bUseHttpProxy = false  - Libcurl will NOT use HTTP proxy
LogInit:  - bDontReuseConnections = false  - Libcurl will reuse connections
LogInit:  - CertBundlePath = nullptr  - Libcurl will use whatever was configured at build time.
LogInit: Build: ++UE4+Release-4.17-CL-0
LogInit: Engine Version: 4.17.2-0+++UE4+Release-4.17
LogInit: Compatible Engine Version: 4.17.0-0+++UE4+Release-4.17
LogInit: Net CL: 0
LogDevObjectVersion: Number of dev versions registered: 16
LogDevObjectVersion:   Dev-Blueprints (B0D832E4-1F89-4F0D-ACCF-7EB736FD4AA2): 10
LogDevObjectVersion:   Dev-Build (E1C64328-A22C-4D53-A36C-8E866417BD8C): 0
LogDevObjectVersion:   Dev-Core (375EC13C-06E4-48FB-B500-84F0262A717E): 2
LogDevObjectVersion:   Dev-Editor (E4B068ED-F494-42E9-A231-DA0B2E46BB41): 20
LogDevObjectVersion:   Dev-Framework (CFFC743F-43B0-4480-9391-14DF171D2073): 28
LogDevObjectVersion:   Dev-Mobile (B02B49B5-BB20-44E9-A304-32B752E40360): 0
LogDevObjectVersion:   Dev-Networking (A4E4105C-59A1-49B5-A7C5-40C4547EDFEE): 0
LogDevObjectVersion:   Dev-Online (39C831C9-5AE6-47DC-9A44-9C173E1C8E7C): 0
LogDevObjectVersion:   Dev-Physics (78F01B33-EBEA-4F98-B9B4-84EACCB95AA2): 0
LogDevObjectVersion:   Dev-Platform (6631380F-2D4D-43E0-8009-CF276956A95A): 0
LogDevObjectVersion:   Dev-Rendering (12F88B9F-8875-4AFC-A67C-D90C383ABD29): 19
LogDevObjectVersion:   Dev-Sequencer (7B5AE74C-D270-4C10-A958-57980B212A5A): 4
LogDevObjectVersion:   Dev-VR (D7296918-1DD6-4BDD-9DE2-64A83CC13884): 0
LogDevObjectVersion:   Dev-LoadTimes (C2A15278-BFE7-4AFE-6C17-90FF531DF755): 1
LogDevObjectVersion:   Private-Geometry (6EACA3D4-40EC-4CC1-B786-8BED09428FC5): 1
LogDevObjectVersion:   Dev-AnimPhys (29E575DD-E0A3-4627-9D10-D276232CDCEA): 7
LogInit: Compiled (64-bit): Sep 27 2017 16:27:35
LogInit: Compiled with Visual C++: 19.11.25508.02
LogInit: Build Configuration: Development
LogInit: Branch Name: ++UE4+Release-4.17
LogInit: Command line:  -skipcompile
LogInit: Base directory: C:/Users/elvev/Desktop/ue4/UnrealEngine-release/Engine/Binaries/Win64/
LogInit: Installed Engine Build: 0
LogInit: Presizing for max 8388607 objects, including 0 objects not considered by GC, pre-allocating 0 bytes for permanent pool.
LogInit: Object subsystem initialized
[2017.11.15-06.31.27:961][  0]LogInit: Selected Device Profile: [Windows]
[2017.11.15-06.31.27:961][  0]LogInit: Applying CVar settings loaded from the selected device profile: [Windows]
[2017.11.15-06.31.27:990][  0]LogInit: Computer: DESKTOP-FM18LGH
[2017.11.15-06.31.27:990][  0]LogInit: User: elvev
[2017.11.15-06.31.27:990][  0]LogInit: CPU Page size=4096, Cores=6
[2017.11.15-06.31.27:990][  0]LogInit: High frequency timer resolution =3.410068 MHz
[2017.11.15-06.31.27:990][  0]LogMemory: Memory total: Physical=31.9GB (32GB approx)
[2017.11.15-06.31.27:990][  0]LogMemory: Platform Memory Stats for Windows
[2017.11.15-06.31.27:990][  0]LogMemory: Process Physical Memory: 278.46 MB used, 278.46 MB peak
[2017.11.15-06.31.27:990][  0]LogMemory: Process Virtual Memory: 282.75 MB used, 282.75 MB peak
[2017.11.15-06.31.27:990][  0]LogMemory: Physical Memory: 8369.82 MB used,  24285.71 MB free, 32655.54 MB total
[2017.11.15-06.31.27:990][  0]LogMemory: Virtual Memory: 680.46 MB used,  24285.71 MB free, 134217728.00 MB total
[2017.11.15-06.31.28:545][  0]LogInit: Using OS detected language (en-US).
[2017.11.15-06.31.28:545][  0]LogInit: Using OS detected locale (en-US).
[2017.11.15-06.31.28:601][  0]LogTextLocalizationManager: No specific localization for 'en-US' exists, so the 'en' localization will be used.
[2017.11.15-06.31.31:113][  0]LogD3D11RHI: D3D11 adapters:
[2017.11.15-06.31.31:511][  0]LogD3D11RHI:    0. 'NVIDIA GeForce GTX 1080 Ti' (Feature Level 11_0)
[2017.11.15-06.31.31:511][  0]LogD3D11RHI:       11124/0/16327 MB DedicatedVideo/DedicatedSystem/SharedSystem, Outputs:2, VendorId:0x10de
[2017.11.15-06.31.31:515][  0]LogD3D11RHI:    1. 'Microsoft Basic Render Driver' (Feature Level 11_0)
[2017.11.15-06.31.31:515][  0]LogD3D11RHI:       0/0/16327 MB DedicatedVideo/DedicatedSystem/SharedSystem, Outputs:0, VendorId:0x1414
[2017.11.15-06.31.31:515][  0]LogD3D11RHI: Chosen D3D11 Adapter: 0
[2017.11.15-06.31.31:522][  0]LogD3D11RHI: Creating new Direct3DDevice
[2017.11.15-06.31.31:522][  0]LogD3D11RHI:     GPU DeviceId: 0x1b06 (for the marketing name, search the web for "GPU Device Id")
[2017.11.15-06.31.31:522][  0]LogWindows: EnumDisplayDevices:
[2017.11.15-06.31.31:522][  0]LogWindows:    0. 'NVIDIA GeForce GTX 1080 Ti' (P:1 D:1)
[2017.11.15-06.31.31:522][  0]LogWindows:    1. 'NVIDIA GeForce GTX 1080 Ti' (P:0 D:1)
[2017.11.15-06.31.31:523][  0]LogWindows:    2. 'NVIDIA GeForce GTX 1080 Ti' (P:0 D:0)
[2017.11.15-06.31.31:523][  0]LogWindows:    3. 'NVIDIA GeForce GTX 1080 Ti' (P:0 D:0)
[2017.11.15-06.31.31:523][  0]LogWindows: DebugString: FoundDriverCount:4 
[2017.11.15-06.31.31:523][  0]LogD3D11RHI:     Adapter Name: NVIDIA GeForce GTX 1080 Ti
[2017.11.15-06.31.31:523][  0]LogD3D11RHI:   Driver Version: 384.94 (internal:22.21.13.8494, unified:384.94)
[2017.11.15-06.31.31:523][  0]LogD3D11RHI:      Driver Date: 7-18-2017
[2017.11.15-06.31.31:523][  0]LogRHI: Texture pool is 1361 MB (70% of 1945 MB)
[2017.11.15-06.31.31:552][  0]LogD3D11RHI: Async texture creation enabled
[2017.11.15-06.31.31:572][  0]LogD3D11RHI: GPU Timing Frequency: 1000.000000 (Debug: 2 1)
[2017.11.15-06.31.31:672][  0]LogShaderCompilers: Guid format shader working directory is 5 characters bigger than the processId version (../../../../../../../../Repos/Speed/Speed/Intermediate/Shaders/WorkingDirectory/4136/).
[2017.11.15-06.31.31:672][  0]LogShaderCompilers: Cleaned the shader compiler working directory 'C:/Users/elvev/AppData/Local/Temp/UnrealShaderWorkingDir/71403988493A72973949ED9D49CCF29F/'.
[2017.11.15-06.31.31:672][  0]LogShaderCompilers: Display: Using Local Shader Compiler.
[2017.11.15-06.31.33:652][  0]LogTemp: Display: Loaded TP AllDesktopTargetPlatform
[2017.11.15-06.31.33:703][  0]LogTemp: Display: Loaded TP MacClientTargetPlatform
[2017.11.15-06.31.33:757][  0]LogTemp: Display: Loaded TP MacNoEditorTargetPlatform
[2017.11.15-06.31.33:808][  0]LogTemp: Display: Loaded TP MacServerTargetPlatform
[2017.11.15-06.31.33:864][  0]LogTemp: Display: Loaded TP MacTargetPlatform
[2017.11.15-06.31.33:917][  0]LogTemp: Display: Loaded TP WindowsClientTargetPlatform
[2017.11.15-06.31.33:969][  0]LogTemp: Display: Loaded TP WindowsNoEditorTargetPlatform
[2017.11.15-06.31.34:021][  0]LogTemp: Display: Loaded TP WindowsServerTargetPlatform
[2017.11.15-06.31.34:069][  0]LogTemp: Display: Loaded TP WindowsTargetPlatform
[2017.11.15-06.31.34:119][  0]LogTemp: Display: Loaded TP Android_ASTCTargetPlatform
[2017.11.15-06.31.34:170][  0]LogTemp: Display: Loaded TP Android_ATCTargetPlatform
[2017.11.15-06.31.34:221][  0]LogTemp: Display: Loaded TP Android_DXTTargetPlatform
[2017.11.15-06.31.34:273][  0]LogTemp: Display: Loaded TP Android_ETC1TargetPlatform
[2017.11.15-06.31.34:323][  0]LogTemp: Display: Loaded TP Android_ETC2TargetPlatform
[2017.11.15-06.31.34:424][  0]LogTemp: Display: Loaded TP Android_MultiTargetPlatform
[2017.11.15-06.31.34:424][  0]LogTemp: Display: Loaded TP Android_PVRTCTargetPlatform
[2017.11.15-06.31.34:479][  0]LogTemp: Display: Loaded TP AndroidTargetPlatform
[2017.11.15-06.31.34:522][  0]LogTemp: Display: Loaded TP HTML5TargetPlatform
[2017.11.15-06.31.34:651][  0]LogTemp: Display: Loaded TP IOSTargetPlatform
[2017.11.15-06.31.34:684][  0]LogTemp: Display: Loaded TP TVOSTargetPlatform
[2017.11.15-06.31.34:684][  0]LogTargetPlatformManager: Display: Building Assets For Windows
[2017.11.15-06.31.35:591][  0]LogDerivedDataCache: Display: Max Cache Size: 512 MB
[2017.11.15-06.31.35:925][  0]LogDerivedDataCache: Loaded boot cache 0.33s 93MB ../../../../../../../../Repos/Speed/Speed/DerivedDataCache/Boot.ddc.
[2017.11.15-06.31.35:925][  0]LogDerivedDataCache: Display: Loaded Boot cache: ../../../../../../../../Repos/Speed/Speed/DerivedDataCache/Boot.ddc
[2017.11.15-06.31.35:925][  0]LogDerivedDataCache: FDerivedDataBackendGraph:  Pak pak cache file ../../../../../../../../Repos/Speed/Speed/DerivedDataCache/DDC.ddp not found, will not use a pak cache.
[2017.11.15-06.31.35:925][  0]LogDerivedDataCache: Unable to find inner node Pak for hierarchical cache Hierarchy.
[2017.11.15-06.31.35:926][  0]LogDerivedDataCache: FDerivedDataBackendGraph:  EnginePak pak cache file ../../../Engine/DerivedDataCache/DDC.ddp not found, will not use a pak cache.
[2017.11.15-06.31.35:926][  0]LogDerivedDataCache: Unable to find inner node EnginePak for hierarchical cache Hierarchy.
[2017.11.15-06.31.35:939][  0]LogDerivedDataCache: Using Local data cache path ../../../Engine/DerivedDataCache: Writable
[2017.11.15-06.31.35:939][  0]LogDerivedDataCache: Shared data cache path not found in *engine.ini, will not use an Shared cache.
[2017.11.15-06.31.35:939][  0]LogDerivedDataCache: Unable to find inner node Shared for hierarchical cache Hierarchy.
[2017.11.15-06.31.35:951][  0]LogMaterial: Verifying Global Shaders for PCD3D_SM5
[2017.11.15-06.31.35:954][  0]LogSlate: Using Freetype 2.6.0
[2017.11.15-06.31.35:970][  0]LogSlate: SlateFontCache - WITH_FREETYPE: 1, WITH_HARFBUZZ: 1
[2017.11.15-06.31.35:970][  0]LogSlate: SlateFontCache - WITH_FREETYPE: 1, WITH_HARFBUZZ: 1
[2017.11.15-06.31.38:382][  0]LogAssetRegistry: FAssetRegistry took 0.0273 seconds to start up
[2017.11.15-06.31.38:490][  0]LogInit: Selected Device Profile: [Windows]
[2017.11.15-06.31.39:101][  0]LogMeshReduction: Using QuadricMeshReduction for automatic static mesh reduction
[2017.11.15-06.31.39:101][  0]LogMeshReduction: No automatic skeletal mesh reduction module available
[2017.11.15-06.31.39:101][  0]LogMeshReduction: No automatic mesh merging module available
[2017.11.15-06.31.39:101][  0]LogMeshReduction: No distributed automatic mesh merging module available
[2017.11.15-06.31.39:103][  0]LogMeshMerging: No automatic mesh merging module available
[2017.11.15-06.31.39:103][  0]LogMeshMerging: No distributed automatic mesh merging module available
[2017.11.15-06.31.39:110][  0]LogContentStreaming: Texture pool size is 0.00 MB
[2017.11.15-06.31.39:890][  0]LogNetVersion: Speed , NetCL: 0, EngineNetVer: 2, GameNetVer: 0 (Checksum: 2350806951)
[2017.11.15-06.31.40:314][  0]LogPackageLocalizationCache: Processed 5 localized package path(s) for 2 prioritized culture(s) in 0.045647 seconds
[2017.11.15-06.31.40:320][  0]LogUObjectArray: 35784 objects as part of root set at end of initial load.
[2017.11.15-06.31.40:320][  0]LogUObjectAllocator: 7522360 out of 0 bytes used by permanent object pool.
[2017.11.15-06.31.40:320][  0]LogUObjectArray: CloseDisregardForGC: 0/0 objects in disregard for GC pool
[2017.11.15-06.31.40:383][  0]LogInit: WinSock: version 1.1 (2.2), MaxSocks=32767, MaxUdp=65467
[2017.11.15-06.31.45:136][  0]LogTcpMessaging: Initializing TcpMessaging bridge
[2017.11.15-06.31.45:186][  0]LogUdpMessaging: Initializing bridge on interface 0.0.0.0:0 to multicast group 230.0.0.1:6666.
[2017.11.15-06.31.46:082][  0]LogMaterial: Uniform references updated for custom material expression Custom.
[2017.11.15-06.31.46:615][  0]SourceControl: Source control is disabled
[2017.11.15-06.31.46:615][  0]SourceControl: Source control is disabled
[2017.11.15-06.31.46:676][  0]SourceControl: Source control is disabled
[2017.11.15-06.31.46:737][  0]SourceControl: Source control is disabled
[2017.11.15-06.31.47:462][  0]LogAndroidPermission: UAndroidPermissionCallbackProxy::GetInstance
[2017.11.15-06.31.47:751][  0]LogOcInput: OculusInput pre-init called
[2017.11.15-06.31.48:068][  0]LogEngine: Initializing Engine...
[2017.11.15-06.31.48:156][  0]LogHMD: Failed to initialize OpenVR with code 126
[2017.11.15-06.31.48:561][  0]LogStats: UGameplayTagsManager::ConstructGameplayTagTree: Construct from data asset -  0.000 s
[2017.11.15-06.31.48:561][  0]LogStats: UGameplayTagsManager::ConstructGameplayTagTree: GameplayTagTreeChangedEvent.Broadcast -  0.000 s
[2017.11.15-06.31.48:698][  0]LogAIModule: Creating AISystem for world Untitled
[2017.11.15-06.31.48:720][  0]LogInit: XAudio2 using 'Speakers (Sound Blaster Recon3Di)' : 2 channels at 48 kHz using 32 bits per sample (channel mask 0x3)
[2017.11.15-06.31.48:749][  0]LogInit: FAudioDevice initialized.
[2017.11.15-06.31.48:826][  0]LogDerivedDataCache: Saved boot cache 0.08s 93MB ../../../../../../../../Repos/Speed/Speed/DerivedDataCache/Boot.ddc.
[2017.11.15-06.31.48:843][  0]LogInit: Texture streaming: Enabled
[2017.11.15-06.31.48:989][  0]LogEngineSessionManager: EngineSessionManager initialized
[2017.11.15-06.31.48:989][  0]LogEngineSessionManager: EngineSessionManager sent abnormal shutdown report. Type=Debugger, SessionId={63D0DF36-400D-0EB0-5DDC-448703691F91}
[2017.11.15-06.31.49:234][  0]LogInit: Transaction tracking system initialized
[2017.11.15-06.31.49:577][  0]BlueprintLog: New page: Editor Load
[2017.11.15-06.31.50:625][  0]LocalizationService: Localization service is disabled
[2017.11.15-06.31.51:436][  0]LogConsoleResponse: Display: 
[2017.11.15-06.31.51:995][  0]LogFileCache: Scanning file cache for directory 'C:/Repos/Speed/Speed/Content/' took 0.02s
[2017.11.15-06.31.51:995][  0]LogCook: Display: Max memory allowance for cook 16384mb min free memory 0mb
[2017.11.15-06.31.51:996][  0]LogCook: Display: Mobile HDR setting 1
[2017.11.15-06.31.51:996][  0]LogGameplayTags: Display: UGameplayTagsManager::DoneAddingNativeTags. DelegateIsBound: 0
[2017.11.15-06.31.53:330][  0]SourceControl: Source control is disabled
[2017.11.15-06.31.53:331][  0]Cmd: MAP LOAD FILE="../../../Engine/Content/Maps/Templates/Template_Default.umap" TEMPLATE=1 SHOWPROGRESS=1 FEATURELEVEL=3
[2017.11.15-06.31.53:338][  0]LightingResults: New page: Lighting Build
[2017.11.15-06.31.53:378][  0]MapCheck: New page: Map Check
[2017.11.15-06.31.53:378][  0]LightingResults: New page: Lighting Build
[2017.11.15-06.31.53:656][  0]LogAIModule: Creating AISystem for world Untitled_1
[2017.11.15-06.31.53:784][  0]LogEditorServer: Finished looking for orphan Actors (0.000 secs)
[2017.11.15-06.31.53:802][  0]Cmd: MAP CHECKDEP NOCLEARLOG
[2017.11.15-06.31.53:849][  0]MapCheck: Map check complete: 0 Error(s), 0 Warning(s), took 46.783ms to complete.
[2017.11.15-06.31.53:850][  0]LogFileHelpers: Loading map 'Template_Default' took 0.519
[2017.11.15-06.31.54:066][  0]LogCollectionManager: Loaded 0 collections in 0.002334 seconds
[2017.11.15-06.31.54:159][  0]LogFileCache: Scanning file cache for directory 'C:/Repos/Speed/Speed/Saved/Collections/' took 0.01s
[2017.11.15-06.31.54:159][  0]LogFileCache: Scanning file cache for directory 'C:/Repos/Speed/Speed/Content/Developers/elvev/Collections/' took 0.01s
[2017.11.15-06.31.54:159][  0]LogFileCache: Scanning file cache for directory 'C:/Repos/Speed/Speed/Content/Collections/' took 0.01s
[2017.11.15-06.31.54:159][  0]LogCollectionManager: Rebuilt the GUID cache for 0 collections in 0.000001 seconds
[2017.11.15-06.31.54:170][  0]LogContentBrowser: Native class hierarchy populated in 0.0097 seconds. Added 2386 classes and 500 folders.
[2017.11.15-06.31.54:232][  0]LogContentBrowser: Native class hierarchy updated for 'WidgetCarousel' in 0.0012 seconds. Added 0 classes and 0 folders.
[2017.11.15-06.31.54:576][  0]LogContentBrowser: Native class hierarchy updated for 'AddContentDialog' in 0.0013 seconds. Added 0 classes and 0 folders.
[2017.11.15-06.31.54:630][  0]LogContentBrowser: Native class hierarchy updated for 'SceneOutliner' in 0.0013 seconds. Added 1 classes and 2 folders.
[2017.11.15-06.31.54:679][  0]LogSlate: Took 0.004823 seconds to synchronously load lazily loaded font '../../../Engine/Content/Slate/Fonts/Roboto-Regular.ttf' (155K)
[2017.11.15-06.31.54:685][  0]LogSlate: Took 0.004325 seconds to synchronously load lazily loaded font '../../../Engine/Content/Slate/Fonts/Roboto-Bold.ttf' (160K)
[2017.11.15-06.31.54:696][  0]LogSlate: Took 0.005011 seconds to synchronously load lazily loaded font '../../../Engine/Content/Editor/Slate/Fonts/FontAwesome.ttf' (139K)
[2017.11.15-06.31.54:826][  0]LogRenderer: Reallocating scene render targets to support 1208x576 Format 10 NumSamples 1 (Frame:1).
[2017.11.15-06.31.55:201][  0]LogContentBrowser: Native class hierarchy updated for 'HierarchicalLODOutliner' in 0.0013 seconds. Added 1 classes and 2 folders.
[2017.11.15-06.31.55:201][  0]LogLoad: (Engine Initialization) Total time: 32.06 seconds
[2017.11.15-06.31.55:201][  0]LogLoad: (Engine Initialization) Total Blueprint compile time: 0.00 seconds
[2017.11.15-06.31.55:201][  0]LogExternalProfiler: No external profilers were discovered.  External profiling features will not be available.
[2017.11.15-06.31.55:557][  0]LogAssetRegistry: Asset discovery search completed in 17.1980 seconds
[2017.11.15-06.31.55:559][  0]LogCollectionManager: Rebuilt the object cache for 0 collections in 0.000001 seconds (found 0 objects)
[2017.11.15-06.31.55:559][  0]LogCollectionManager: Fixed up redirectors for 0 collections in 0.000100 seconds (updated 0 objects)
[2017.11.15-06.31.55:563][  0]LogContentStreaming: Texture pool size now 1000 MB
[2017.11.15-06.32.11:859][164]LogTemp: Repeating last play command: Selected Viewport
[2017.11.15-06.32.11:868][164]LogPlayLevel: PlayLevel: No blueprints needed recompiling
[2017.11.15-06.32.11:870][164]PIE: New page: PIE session: Untitled_1 (Nov 16, 2017, 4:32:11 AM)
[2017.11.15-06.32.11:870][164]LogPlayLevel: Creating play world package: /Temp/UEDPIE_0_Untitled_1
[2017.11.15-06.32.11:871][164]LogPlayLevel: PIE: StaticDuplicateObject took: (0.001392s)
[2017.11.15-06.32.11:872][164]LogAIModule: Creating AISystem for world Untitled_1
[2017.11.15-06.32.11:872][164]LogPlayLevel: PIE: World Init took: (0.000661s)
[2017.11.15-06.32.11:872][164]LogPlayLevel: PIE: Created PIE world by copying editor world from /Temp/Untitled_1.Untitled_1 to /Temp/UEDPIE_0_Untitled_1.Untitled_1 (0.002401s)
[2017.11.15-06.32.11:893][164]LogInit: XAudio2 using 'Speakers (Sound Blaster Recon3Di)' : 2 channels at 48 kHz using 32 bits per sample (channel mask 0x3)
[2017.11.15-06.32.11:900][164]LogInit: FAudioDevice initialized.
[2017.11.15-06.32.11:943][164]LogLoad: Game class is 'GameModeBase'
[2017.11.15-06.32.11:946][164]LogWorld: Bringing World /Temp/UEDPIE_0_Untitled_1.Untitled_1 up for play (max tick rate 0) at 2017.11.15-17.32.11
[2017.11.15-06.32.11:947][164]LogWorld: Bringing up level for play took: 0.001181
[2017.11.15-06.32.11:988][164]LogContentBrowser: Native class hierarchy updated for 'MovieSceneCapture' in 0.0013 seconds. Added 11 classes and 0 folders.
[2017.11.15-06.32.11:990][164]PIE: Play in editor start time for /Temp/UEDPIE_0_Untitled_1 -0.607
[2017.11.15-07.19.33:559][744]Cmd: QUIT_EDITOR
[2017.11.15-07.19.34:054][744]LogWindowsTextInputMethodSystem: Display: IME system now deactivated.
[2017.11.15-07.19.34:066][744]LogExit: Preparing to exit.
[2017.11.15-07.19.34:502][744]LogDirectoryWatcher: A directory notification for 'C:/Repos/Speed/Speed/Content/' was aborted.
[2017.11.15-07.19.34:520][744]LogExit: Editor shut down
[2017.11.15-07.19.34:525][744]LogExit: Transaction tracking system shut down
[2017.11.15-07.19.34:659][744]LogDirectoryWatcher: A directory notification for '../../../Engine/Content/' was aborted.
[2017.11.15-07.19.34:659][744]LogDirectoryWatcher: A directory notification for '../../../../../../../../Repos/Speed/Speed/Content/' was aborted.
[2017.11.15-07.19.34:660][744]LogDirectoryWatcher: A directory notification for '../../../Engine/Plugins/2D/Paper2D/Content/' was aborted.
[2017.11.15-07.19.34:660][744]LogDirectoryWatcher: A directory notification for '../../../Engine/Plugins/Runtime/Oculus/OculusVR/Content/' was aborted.
[2017.11.15-07.19.34:660][744]LogDirectoryWatcher: A directory notification for '../../../Engine/Plugins/Runtime/Steam/SteamVR/Content/' was aborted.
[2017.11.15-07.19.34:707][744]LogExit: Object subsystem successfully closed.
[2017.11.15-07.19.34:733][744]LogD3D11RHI: Shutdown
[2017.11.15-07.19.34:733][744]LogD3D11RHI: CleanupD3DDevice
[2017.11.15-07.19.34:789][744]LogD3D11RHI: ~FD3D11DynamicRHI
[2017.11.15-07.19.34:810][744]LogModuleManager: Shutting down and abandoning module MovieSceneCapture (522)
[2017.11.15-07.19.34:810][744]LogModuleManager: Shutting down and abandoning module HierarchicalLODOutliner (520)
[2017.11.15-07.19.34:810][744]LogModuleManager: Shutting down and abandoning module SceneOutliner (518)
[2017.11.15-07.19.34:810][744]LogModuleManager: Shutting down and abandoning module AddContentDialog (516)
[2017.11.15-07.19.34:810][744]LogDirectoryWatcher: A directory notification for 'C:/Users/elvev/Desktop/ue4/UnrealEngine-release/FeaturePacks/' was aborted.
[2017.11.15-07.19.34:812][744]LogModuleManager: Shutting down and abandoning module WidgetCarousel (515)
[2017.11.15-07.19.34:812][744]LogModuleManager: Shutting down and abandoning module EditorWidgets (512)
[2017.11.15-07.19.34:812][744]LogModuleManager: Shutting down and abandoning module CollectionManager (510)
[2017.11.15-07.19.34:812][744]LogDirectoryWatcher: A directory notification for 'C:/Repos/Speed/Speed/Content/Collections/' was aborted.
[2017.11.15-07.19.34:812][744]LogDirectoryWatcher: A directory notification for 'C:/Repos/Speed/Speed/Content/Developers/elvev/Collections/' was aborted.
[2017.11.15-07.19.34:812][744]LogDirectoryWatcher: A directory notification for 'C:/Repos/Speed/Speed/Saved/Collections/' was aborted.
[2017.11.15-07.19.34:812][744]LogModuleManager: Shutting down and abandoning module StatsViewer (508)
[2017.11.15-07.19.34:812][744]LogModuleManager: Shutting down and abandoning module FoliageEdit (506)
[2017.11.15-07.19.34:812][744]LogModuleManager: Shutting down and abandoning module LandscapeEditor (504)
[2017.11.15-07.19.34:813][744]LogModuleManager: Shutting down and abandoning module MeshPaintMode (502)
[2017.11.15-07.19.34:813][744]LogModuleManager: Shutting down and abandoning module SceneDepthPickerMode (500)
[2017.11.15-07.19.34:813][744]LogModuleManager: Shutting down and abandoning module ActorPickerMode (498)
[2017.11.15-07.19.34:813][744]LogModuleManager: Shutting down and abandoning module GeometryMode (496)
[2017.11.15-07.19.34:813][744]LogModuleManager: Shutting down and abandoning module TextureAlignMode (494)
[2017.11.15-07.19.34:813][744]LogModuleManager: Shutting down and abandoning module BspMode (492)
[2017.11.15-07.19.34:813][744]LogModuleManager: Shutting down and abandoning module PIEPreviewDeviceProfileSelector (490)
[2017.11.15-07.19.34:813][744]LogModuleManager: Shutting down and abandoning module HardwareSurvey (488)
[2017.11.15-07.19.34:813][744]LogModuleManager: Shutting down and abandoning module SequenceRecorderSections (486)
[2017.11.15-07.19.34:813][744]LogModuleManager: Shutting down and abandoning module AutomationWorker (484)
[2017.11.15-07.19.34:813][744]LogModuleManager: Shutting down and abandoning module MatineeToLevelSequence (482)
[2017.11.15-07.19.34:813][744]LogModuleManager: Shutting down and abandoning module LevelSequenceEditor (480)
[2017.11.15-07.19.34:813][744]LogModuleManager: Shutting down and abandoning module PlacementMode (479)
[2017.11.15-07.19.34:813][744]LogModuleManager: Shutting down and abandoning module WmfMediaFactory (476)
[2017.11.15-07.19.34:813][744]LogModuleManager: Shutting down and abandoning module WmfMediaEditor (474)
[2017.11.15-07.19.34:813][744]LogModuleManager: Shutting down and abandoning module AvfMediaFactory (472)
[2017.11.15-07.19.34:814][744]LogModuleManager: Shutting down and abandoning module AvfMediaEditor (470)
[2017.11.15-07.19.34:814][744]LogModuleManager: Shutting down and abandoning module AndroidMediaFactory (468)
[2017.11.15-07.19.34:814][744]LogModuleManager: Shutting down and abandoning module Media (467)
[2017.11.15-07.19.34:814][744]LogModuleManager: Shutting down and abandoning module AndroidMediaEditor (464)
[2017.11.15-07.19.34:814][744]LogModuleManager: Shutting down and abandoning module CharacterAI (462)
[2017.11.15-07.19.34:814][744]LogModuleManager: Shutting down and abandoning module AudioCapture (460)
[2017.11.15-07.19.34:814][744]LogModuleManager: Shutting down and abandoning module SequenceRecorder (459)
[2017.11.15-07.19.34:814][744]LogModuleManager: Shutting down and abandoning module SmartSnapping (456)
[2017.11.15-07.19.34:814][744]LogModuleManager: Shutting down and abandoning module SessionServices (454)
[2017.11.15-07.19.34:814][744]LogModuleManager: Shutting down and abandoning module ViewportSnapping (452)
[2017.11.15-07.19.34:814][744]LogModuleManager: Shutting down and abandoning module ViewportInteraction (450)
[2017.11.15-07.19.34:814][744]LogModuleManager: Shutting down and abandoning module ClothPainter (448)
[2017.11.15-07.19.34:814][744]LogModuleManager: Shutting down and abandoning module LogVisualizer (446)
[2017.11.15-07.19.34:815][744]LogModuleManager: Shutting down and abandoning module IntroTutorials (444)
[2017.11.15-07.19.34:815][744]LogModuleManager: Shutting down and abandoning module GameProjectGeneration (443)
[2017.11.15-07.19.34:815][744]LogModuleManager: Shutting down and abandoning module IOSPlatformEditor (440)
[2017.11.15-07.19.34:815][744]LogModuleManager: Shutting down and abandoning module HTML5PlatformEditor (438)
[2017.11.15-07.19.34:815][744]LogModuleManager: Shutting down and abandoning module AndroidPlatformEditor (436)
[2017.11.15-07.19.34:815][744]LogModuleManager: Shutting down and abandoning module AndroidDeviceDetection (435)
[2017.11.15-07.19.35:679][744]LogModuleManager: Shutting down and abandoning module WindowsPlatformEditor (432)
[2017.11.15-07.19.35:679][744]LogModuleManager: Shutting down and abandoning module IOSRuntimeSettings (430)
[2017.11.15-07.19.35:679][744]LogModuleManager: Shutting down and abandoning module AndroidRuntimeSettings (428)
[2017.11.15-07.19.35:679][744]LogModuleManager: Shutting down and abandoning module InputBindingEditor (426)
[2017.11.15-07.19.35:680][744]LogModuleManager: Shutting down and abandoning module MergeActors (424)
[2017.11.15-07.19.35:680][744]LogModuleManager: Shutting down and abandoning module SizeMap (422)
[2017.11.15-07.19.35:680][744]LogModuleManager: Shutting down and abandoning module TreeMap (420)
[2017.11.15-07.19.35:680][744]LogModuleManager: Shutting down and abandoning module ReferenceViewer (418)
[2017.11.15-07.19.35:680][744]LogModuleManager: Shutting down and abandoning module LocalizationDashboard (416)
[2017.11.15-07.19.35:680][744]LogModuleManager: Shutting down and abandoning module LocalizationService (415)
[2017.11.15-07.19.35:680][744]LogModuleManager: Shutting down and abandoning module HardwareTargeting (412)
[2017.11.15-07.19.35:680][744]LogModuleManager: Shutting down and abandoning module DeviceProfileEditor (410)
[2017.11.15-07.19.35:680][744]LogModuleManager: Shutting down and abandoning module UndoHistory (408)
[2017.11.15-07.19.35:681][744]LogModuleManager: Shutting down and abandoning module XmlParser (406)
[2017.11.15-07.19.35:681][744]LogModuleManager: Shutting down and abandoning module Blutility (404)
[2017.11.15-07.19.35:681][744]LogModuleManager: Shutting down and abandoning module ProjectSettingsViewer (402)
[2017.11.15-07.19.35:681][744]LogModuleManager: Shutting down and abandoning module ProjectTargetPlatformEditor (401)
[2017.11.15-07.19.35:681][744]LogModuleManager: Shutting down and abandoning module EditorSettingsViewer (398)
[2017.11.15-07.19.35:681][744]LogModuleManager: Shutting down and abandoning module SettingsEditor (396)
[2017.11.15-07.19.35:681][744]LogModuleManager: Shutting down and abandoning module ProjectLauncher (394)
[2017.11.15-07.19.35:681][744]LogModuleManager: Shutting down and abandoning module SessionFrontend (392)
[2017.11.15-07.19.35:681][744]LogModuleManager: Shutting down and abandoning module ProfilerClient (390)
[2017.11.15-07.19.35:682][744]LogModuleManager: Shutting down and abandoning module DeviceManager (388)
[2017.11.15-07.19.35:682][744]LogModuleManager: Shutting down and abandoning module TargetDeviceServices (387)
[2017.11.15-07.19.35:735][744]LogModuleManager: Shutting down and abandoning module AutomationController (384)
[2017.11.15-07.19.35:735][744]LogModuleManager: Shutting down and abandoning module AutomationWindow (382)
[2017.11.15-07.19.35:736][744]LogModuleManager: Shutting down and abandoning module Layers (380)
[2017.11.15-07.19.35:737][744]LogModuleManager: Shutting down and abandoning module ComponentVisualizers (378)
[2017.11.15-07.19.35:737][744]LogModuleManager: Shutting down and abandoning module DetailCustomizations (376)
[2017.11.15-07.19.35:737][744]LogModuleManager: Shutting down and abandoning module PackagesDialog (374)
[2017.11.15-07.19.35:737][744]LogModuleManager: Shutting down and abandoning module Persona (372)
[2017.11.15-07.19.35:738][744]LogModuleManager: Shutting down and abandoning module AdvancedPreviewScene (371)
[2017.11.15-07.19.35:738][744]LogModuleManager: Shutting down and abandoning module AnimGraph (369)
[2017.11.15-07.19.35:738][744]LogModuleManager: Shutting down and abandoning module Kismet (366)
[2017.11.15-07.19.35:738][744]LogModuleManager: Shutting down and abandoning module ClassViewer (364)
[2017.11.15-07.19.35:738][744]LogModuleManager: Shutting down and abandoning module Toolbox (362)
[2017.11.15-07.19.35:738][744]LogModuleManager: Shutting down and abandoning module ModuleUI (360)
[2017.11.15-07.19.35:739][744]LogModuleManager: Shutting down and abandoning module MovieSceneTools (358)
[2017.11.15-07.19.35:739][744]LogModuleManager: Shutting down and abandoning module OutputLog (356)
[2017.11.15-07.19.35:739][744]LogModuleManager: Shutting down and abandoning module GammaUI (354)
[2017.11.15-07.19.35:739][744]LogModuleManager: Shutting down and abandoning module Documentation (352)
[2017.11.15-07.19.35:739][744]LogModuleManager: Shutting down and abandoning module MovieSceneTracks (350)
[2017.11.15-07.19.35:739][744]LogModuleManager: Shutting down and abandoning module MovieScene (348)
[2017.11.15-07.19.35:739][744]LogModuleManager: Shutting down and abandoning module Niagara (346)
[2017.11.15-07.19.35:739][744]LogModuleManager: Shutting down and abandoning module NiagaraEditor (345)
[2017.11.15-07.19.35:741][744]LogModuleManager: Shutting down and abandoning module StreamingPauseRendering (342)
[2017.11.15-07.19.35:741][744]LogModuleManager: Shutting down and abandoning module LauncherPlatform (340)
[2017.11.15-07.19.35:741][744]LogModuleManager: Shutting down and abandoning module AnalyticsET (338)
[2017.11.15-07.19.35:741][744]LogModuleManager: Shutting down and abandoning module PortalServices (336)
[2017.11.15-07.19.35:741][744]LogModuleManager: Shutting down and abandoning module PortalRpc (334)
[2017.11.15-07.19.35:741][744]LogModuleManager: Shutting down and abandoning module MessagingRpc (332)
[2017.11.15-07.19.35:741][744]LogModuleManager: Shutting down and abandoning module AIModule (330)
[2017.11.15-07.19.35:741][744]LogModuleManager: Shutting down and abandoning module GameplayDebugger (329)
[2017.11.15-07.19.35:741][744]LogModuleManager: Shutting down and abandoning module AITestSuite (327)
[2017.11.15-07.19.35:741][744]LogModuleManager: Shutting down and abandoning module ProfilerService (324)
